2025-06-16 15:49:42,613 INFO    MainThread:2381907 [wandb_setup.py:_flush():67] Current SDK version is 0.19.7
2025-06-16 15:49:42,613 INFO    MainThread:2381907 [wandb_setup.py:_flush():67] Configure stats pid to 2381907
2025-06-16 15:49:42,613 INFO    MainThread:2381907 [wandb_setup.py:_flush():67] Loading settings from /gpfs/commons/home/svaidyanathan/.config/wandb/settings
2025-06-16 15:49:42,613 INFO    MainThread:2381907 [wandb_setup.py:_flush():67] Loading settings from /gpfs/commons/home/svaidyanathan/repos/scvi-tools-splicing/wandb/settings
2025-06-16 15:49:42,613 INFO    MainThread:2381907 [wandb_setup.py:_flush():67] Loading settings from environment variables
2025-06-16 15:49:42,613 INFO    MainThread:2381907 [wandb_init.py:setup_run_log_directory():647] Logging user logs to /gpfs/commons/home/svaidyanathan/repos/scvi-tools-splicing/wandb/run-20250616_154942-uf6jm22i/logs/debug.log
2025-06-16 15:49:42,613 INFO    MainThread:2381907 [wandb_init.py:setup_run_log_directory():648] Logging internal logs to /gpfs/commons/home/svaidyanathan/repos/scvi-tools-splicing/wandb/run-20250616_154942-uf6jm22i/logs/debug-internal.log
2025-06-16 15:49:42,613 INFO    MainThread:2381907 [wandb_init.py:init():761] calling init triggers
2025-06-16 15:49:42,613 INFO    MainThread:2381907 [wandb_init.py:init():766] wandb.init called with sweep_config: {}
config: {'mudata_path': '/gpfs/commons/groups/knowles_lab/Karin/Leaflet-analysis-WD/MOUSE_SPLICING_FOUNDATION/MODEL_INPUT/052025/SUBSETTOP5CELLSTYPES_aligned__ge_splice_combined_20250513_035938_full_genes.h5mu', 'model_save_dir': '/gpfs/commons/home/kisaev/multi_vi_splice_runs/MultiVISpliceTraining_20250616_154811_job5162658/models', 'figure_output_dir': '/gpfs/commons/home/kisaev/multi_vi_splice_runs/MultiVISpliceTraining_20250616_154811_job5162658/figures', 'max_epochs': 75, 'lr': 1e-05, 'accelerator': 'auto', 'devices': 'auto', 'train_size': None, 'validation_size': None, 'shuffle_set_split': True, 'batch_size': 256, 'weight_decay': 1e-06, 'eps': 1e-08, 'early_stopping': True, 'early_stopping_patience': 10, 'save_best': True, 'check_val_every_n_epoch': None, 'n_steps_kl_warmup': None, 'n_epochs_kl_warmup': 30, 'adversarial_mixing': True, 'lr_scheduler_type': 'step', 'reduce_lr_on_plateau': False, 'lr_factor': 0.5, 'lr_patience': 30, 'lr_threshold': 0.0, 'lr_scheduler_metric': 'elbo_validation', 'step_size': 20, 'gradient_clipping': True, 'gradient_clipping_max_norm': 5.0, 'datasplitter_kwargs': None, 'plan_kwargs': None, 'n_latent': 20, 'modality_weights': 'equal', 'splicing_loss_type': 'dirichlet_multinomial', 'splicing_architecture': 'partial', 'expression_architecture': 'linear', 'umap_cell_label': ['broad_cell_type', 'dataset'], '_wandb': {}}
2025-06-16 15:49:42,613 INFO    MainThread:2381907 [wandb_init.py:init():784] starting backend
2025-06-16 15:49:42,613 INFO    MainThread:2381907 [wandb_init.py:init():788] sending inform_init request
2025-06-16 15:49:42,635 INFO    MainThread:2381907 [backend.py:_multiprocessing_setup():97] multiprocessing start_methods=fork,spawn,forkserver, using: spawn
2025-06-16 15:49:42,635 INFO    MainThread:2381907 [wandb_init.py:init():803] backend started and connected
2025-06-16 15:49:42,637 INFO    MainThread:2381907 [wandb_init.py:init():896] updated telemetry
2025-06-16 15:49:42,669 INFO    MainThread:2381907 [wandb_init.py:init():920] communicating run to backend with 90.0 second timeout
2025-06-16 15:49:43,072 INFO    MainThread:2381907 [wandb_init.py:init():995] starting run threads in backend
2025-06-16 15:49:46,039 INFO    MainThread:2381907 [wandb_run.py:_console_start():2377] atexit reg
2025-06-16 15:49:46,039 INFO    MainThread:2381907 [wandb_run.py:_redirect():2227] redirect: wrap_raw
2025-06-16 15:49:46,041 INFO    MainThread:2381907 [wandb_run.py:_redirect():2292] Wrapping output streams.
2025-06-16 15:49:46,041 INFO    MainThread:2381907 [wandb_run.py:_redirect():2317] Redirects installed.
2025-06-16 15:49:46,044 INFO    MainThread:2381907 [wandb_init.py:init():1037] run started, returning control to user process
2025-06-16 15:50:33,916 WARNING MsgRouterThr:2381907 [router.py:message_loop():77] message_loop has been closed
Traceback (most recent call last):
  File "/gpfs/commons/home/svaidyanathan/miniconda3/envs/scvi-env/lib/python3.12/site-packages/wandb/sdk/interface/router_sock.py", line 28, in _read_message
    resp = self._sock_client.read_server_response(timeout=1)
           ^^^^^^^^^^^^^^^^^^^^^^^^^^^^^^^^^^^^^^^^^^^^^^^^^
  File "/gpfs/commons/home/svaidyanathan/miniconda3/envs/scvi-env/lib/python3.12/site-packages/wandb/sdk/lib/sock_client.py", line 285, in read_server_response
    data = self._read_packet_bytes(timeout=timeout)
           ^^^^^^^^^^^^^^^^^^^^^^^^^^^^^^^^^^^^^^^^
  File "/gpfs/commons/home/svaidyanathan/miniconda3/envs/scvi-env/lib/python3.12/site-packages/wandb/sdk/lib/sock_client.py", line 270, in _read_packet_bytes
    raise SockClientClosedError
wandb.sdk.lib.sock_client.SockClientClosedError

The above exception was the direct cause of the following exception:

Traceback (most recent call last):
  File "/gpfs/commons/home/svaidyanathan/miniconda3/envs/scvi-env/lib/python3.12/site-packages/wandb/sdk/interface/router.py", line 70, in message_loop
    msg = self._read_message()
          ^^^^^^^^^^^^^^^^^^^^
  File "/gpfs/commons/home/svaidyanathan/miniconda3/envs/scvi-env/lib/python3.12/site-packages/wandb/sdk/interface/router_sock.py", line 30, in _read_message
    raise MessageRouterClosedError from e
wandb.sdk.interface.router.MessageRouterClosedError
2025-06-16 15:50:33,918 INFO    MsgRouterThr:2381907 [mailbox.py:close():115] Closing mailbox, abandoning 1 handles.
